<?xml version="1.0" encoding="UTF-8"?>
<testng-results ignored="5" total="30" passed="22" failed="3" skipped="0">
  <reporter-output>
  </reporter-output>
  <suite started-at="2024-01-13T17:47:03 EET" name="NewFinalProfect" finished-at="2024-01-13T17:51:01 EET" duration-ms="238254">
    <groups>
    </groups>
    <test started-at="2024-01-13T17:47:03 EET" name="NewFinalProject" finished-at="2024-01-13T17:51:01 EET" duration-ms="238254">
      <class name="EditProfileTest">
        <test-method is-config="true" signature="setupMethods()[pri:0, instance:EditProfileTest@479d31f3]" started-at="2024-01-13T17:50:38 EET" name="setupMethods" finished-at="2024-01-13T17:50:40 EET" duration-ms="1515" status="PASS">
          <reporter-output>
          </reporter-output>
        </test-method> <!-- setupMethods -->
        <test-method signature="EditProfile(java.lang.String,java.lang.String,java.io.File)[pri:0, instance:EditProfileTest@479d31f3]" started-at="2024-01-13T17:50:40 EET" name="EditProfile" data-provider="UserInformation" finished-at="2024-01-13T17:50:43 EET" duration-ms="2779" status="PASS">
          <params>
            <param index="0">
              <value>
                <![CDATA[Iliyana4]]>
              </value>
            </param>
            <param index="1">
              <value>
                <![CDATA[123456]]>
              </value>
            </param>
            <param index="2">
              <value>
                <![CDATA[src\main\resources\Upload\download.jpg]]>
              </value>
            </param>
          </params>
          <reporter-output>
          </reporter-output>
        </test-method> <!-- EditProfile -->
        <test-method is-config="true" signature="setupAftermethods(org.testng.ITestResult)[pri:0, instance:EditProfileTest@479d31f3]" started-at="2024-01-13T17:50:43 EET" name="setupAftermethods" finished-at="2024-01-13T17:50:43 EET" duration-ms="123" status="PASS">
          <params>
            <param index="0">
              <value>
                <![CDATA[[TestResult name=EditProfile status=SUCCESS method=EditProfileTest.EditProfile(java.lang.String,java.lang.String,java.io.File)[pri:0, instance:EditProfileTest@479d31f3] output={null}]]]>
              </value>
            </param>
          </params>
          <reporter-output>
          </reporter-output>
        </test-method> <!-- setupAftermethods -->
        <test-method is-config="true" signature="setupMethods()[pri:0, instance:EditProfileTest@479d31f3]" started-at="2024-01-13T17:50:43 EET" name="setupMethods" finished-at="2024-01-13T17:50:44 EET" duration-ms="1604" status="PASS">
          <reporter-output>
          </reporter-output>
        </test-method> <!-- setupMethods -->
        <test-method signature="EditProfile(java.lang.String,java.lang.String,java.io.File)[pri:0, instance:EditProfileTest@479d31f3]" started-at="2024-01-13T17:50:44 EET" name="EditProfile" data-provider="UserInformation" finished-at="2024-01-13T17:50:48 EET" duration-ms="3157" status="PASS">
          <params>
            <param index="0">
              <value>
                <![CDATA[Iliyana4]]>
              </value>
            </param>
            <param index="1">
              <value>
                <![CDATA[123456]]>
              </value>
            </param>
            <param index="2">
              <value>
                <![CDATA[src\main\resources\Upload\download.jpg]]>
              </value>
            </param>
          </params>
          <reporter-output>
          </reporter-output>
        </test-method> <!-- EditProfile -->
        <test-method is-config="true" signature="setupAftermethods(org.testng.ITestResult)[pri:0, instance:EditProfileTest@479d31f3]" started-at="2024-01-13T17:50:48 EET" name="setupAftermethods" finished-at="2024-01-13T17:50:48 EET" duration-ms="163" status="PASS">
          <params>
            <param index="0">
              <value>
                <![CDATA[[TestResult name=EditProfile status=SUCCESS method=EditProfileTest.EditProfile(java.lang.String,java.lang.String,java.io.File)[pri:0, instance:EditProfileTest@479d31f3] output={null}]]]>
              </value>
            </param>
          </params>
          <reporter-output>
          </reporter-output>
        </test-method> <!-- setupAftermethods -->
        <test-method is-config="true" signature="setupMethods()[pri:0, instance:EditProfileTest@479d31f3]" started-at="2024-01-13T17:50:48 EET" name="setupMethods" finished-at="2024-01-13T17:50:49 EET" duration-ms="1473" status="PASS">
          <reporter-output>
          </reporter-output>
        </test-method> <!-- setupMethods -->
        <test-method signature="EditProfile(java.lang.String,java.lang.String,java.io.File)[pri:0, instance:EditProfileTest@479d31f3]" started-at="2024-01-13T17:50:49 EET" name="EditProfile" data-provider="UserInformation" finished-at="2024-01-13T17:50:52 EET" duration-ms="2724" status="PASS">
          <params>
            <param index="0">
              <value>
                <![CDATA[Iliyana4]]>
              </value>
            </param>
            <param index="1">
              <value>
                <![CDATA[123456]]>
              </value>
            </param>
            <param index="2">
              <value>
                <![CDATA[src\main\resources\Upload\download.jpg]]>
              </value>
            </param>
          </params>
          <reporter-output>
          </reporter-output>
        </test-method> <!-- EditProfile -->
        <test-method is-config="true" signature="setupAftermethods(org.testng.ITestResult)[pri:0, instance:EditProfileTest@479d31f3]" started-at="2024-01-13T17:50:52 EET" name="setupAftermethods" finished-at="2024-01-13T17:50:52 EET" duration-ms="231" status="PASS">
          <params>
            <param index="0">
              <value>
                <![CDATA[[TestResult name=EditProfile status=SUCCESS method=EditProfileTest.EditProfile(java.lang.String,java.lang.String,java.io.File)[pri:0, instance:EditProfileTest@479d31f3] output={null}]]]>
              </value>
            </param>
          </params>
          <reporter-output>
          </reporter-output>
        </test-method> <!-- setupAftermethods -->
        <test-method is-config="true" signature="setupMethods()[pri:0, instance:EditProfileTest@479d31f3]" started-at="2024-01-13T17:50:52 EET" name="setupMethods" finished-at="2024-01-13T17:50:54 EET" duration-ms="1547" status="PASS">
          <reporter-output>
          </reporter-output>
        </test-method> <!-- setupMethods -->
        <test-method signature="EditProfile(java.lang.String,java.lang.String,java.io.File)[pri:0, instance:EditProfileTest@479d31f3]" started-at="2024-01-13T17:50:54 EET" name="EditProfile" data-provider="UserInformation" finished-at="2024-01-13T17:50:57 EET" duration-ms="2821" status="PASS">
          <params>
            <param index="0">
              <value>
                <![CDATA[Iliyana4]]>
              </value>
            </param>
            <param index="1">
              <value>
                <![CDATA[123456]]>
              </value>
            </param>
            <param index="2">
              <value>
                <![CDATA[src\main\resources\Upload\download.jpg]]>
              </value>
            </param>
          </params>
          <reporter-output>
          </reporter-output>
        </test-method> <!-- EditProfile -->
        <test-method is-config="true" signature="setupAftermethods(org.testng.ITestResult)[pri:0, instance:EditProfileTest@479d31f3]" started-at="2024-01-13T17:50:57 EET" name="setupAftermethods" finished-at="2024-01-13T17:50:57 EET" duration-ms="211" status="PASS">
          <params>
            <param index="0">
              <value>
                <![CDATA[[TestResult name=EditProfile status=SUCCESS method=EditProfileTest.EditProfile(java.lang.String,java.lang.String,java.io.File)[pri:0, instance:EditProfileTest@479d31f3] output={null}]]]>
              </value>
            </param>
          </params>
          <reporter-output>
          </reporter-output>
        </test-method> <!-- setupAftermethods -->
        <test-method is-config="true" signature="setupMethods()[pri:0, instance:EditProfileTest@479d31f3]" started-at="2024-01-13T17:50:57 EET" name="setupMethods" finished-at="2024-01-13T17:50:58 EET" duration-ms="1565" status="PASS">
          <reporter-output>
          </reporter-output>
        </test-method> <!-- setupMethods -->
        <test-method signature="EditProfile(java.lang.String,java.lang.String,java.io.File)[pri:0, instance:EditProfileTest@479d31f3]" started-at="2024-01-13T17:50:58 EET" name="EditProfile" data-provider="UserInformation" finished-at="2024-01-13T17:51:01 EET" duration-ms="2842" status="PASS">
          <params>
            <param index="0">
              <value>
                <![CDATA[Iliyana4]]>
              </value>
            </param>
            <param index="1">
              <value>
                <![CDATA[123456]]>
              </value>
            </param>
            <param index="2">
              <value>
                <![CDATA[src\main\resources\Upload\download.jpg]]>
              </value>
            </param>
          </params>
          <reporter-output>
          </reporter-output>
        </test-method> <!-- EditProfile -->
        <test-method is-config="true" signature="setupAftermethods(org.testng.ITestResult)[pri:0, instance:EditProfileTest@479d31f3]" started-at="2024-01-13T17:51:01 EET" name="setupAftermethods" finished-at="2024-01-13T17:51:01 EET" duration-ms="173" status="PASS">
          <params>
            <param index="0">
              <value>
                <![CDATA[[TestResult name=EditProfile status=SUCCESS method=EditProfileTest.EditProfile(java.lang.String,java.lang.String,java.io.File)[pri:0, instance:EditProfileTest@479d31f3] output={null}]]]>
              </value>
            </param>
          </params>
          <reporter-output>
          </reporter-output>
        </test-method> <!-- setupAftermethods -->
      </class> <!-- EditProfileTest -->
      <class name="LikeUnlikeAndCommentPostTest">
        <test-method is-config="true" signature="setupMethods()[pri:0, instance:LikeUnlikeAndCommentPostTest@43195e57]" started-at="2024-01-13T17:48:09 EET" name="setupMethods" finished-at="2024-01-13T17:48:10 EET" duration-ms="1535" status="PASS">
          <reporter-output>
          </reporter-output>
        </test-method> <!-- setupMethods -->
        <test-method signature="LikeUnlikeCommentPost(java.lang.String,java.lang.String)[pri:0, instance:LikeUnlikeAndCommentPostTest@43195e57]" started-at="2024-01-13T17:48:10 EET" name="LikeUnlikeCommentPost" data-provider="UserInformation" finished-at="2024-01-13T17:48:40 EET" duration-ms="29067" status="FAIL">
          <params>
            <param index="0">
              <value>
                <![CDATA[Iliyana1]]>
              </value>
            </param>
            <param index="1">
              <value>
                <![CDATA[123456]]>
              </value>
            </param>
          </params>
          <exception class="org.openqa.selenium.TimeoutException">
            <message>
              <![CDATA[Expected condition failed: waiting for element to be clickable: Proxy element for: DefaultElementLocator 'By.cssSelector: app-post-modal .like.far.fa-heart.fa-2x' (tried for 20 second(s) with 500 milliseconds interval)]]>
            </message>
            <full-stacktrace>
              <![CDATA[org.openqa.selenium.TimeoutException: Expected condition failed: waiting for element to be clickable: Proxy element for: DefaultElementLocator 'By.cssSelector: app-post-modal .like.far.fa-heart.fa-2x' (tried for 20 second(s) with 500 milliseconds interval)
at org.openqa.selenium.support.ui.WebDriverWait.timeoutException(WebDriverWait.java:84)
at org.openqa.selenium.support.ui.FluentWait.until(FluentWait.java:229)
at HomePage.LikePost(HomePage.java:58)
at LikeUnlikeAndCommentPostTest.LikeUnlikeCommentPost(LikeUnlikeAndCommentPostTest.java:43)
at java.base/jdk.internal.reflect.NativeMethodAccessorImpl.invoke0(Native Method)
at java.base/jdk.internal.reflect.NativeMethodAccessorImpl.invoke(NativeMethodAccessorImpl.java:62)
at java.base/jdk.internal.reflect.DelegatingMethodAccessorImpl.invoke(DelegatingMethodAccessorImpl.java:43)
at java.base/java.lang.reflect.Method.invoke(Method.java:564)
at org.testng.internal.invokers.MethodInvocationHelper.invokeMethod(MethodInvocationHelper.java:139)
at org.testng.internal.invokers.TestInvoker.invokeMethod(TestInvoker.java:677)
at org.testng.internal.invokers.TestInvoker.invokeTestMethod(TestInvoker.java:221)
at org.testng.internal.invokers.MethodRunner.runInSequence(MethodRunner.java:50)
at org.testng.internal.invokers.TestInvoker$MethodInvocationAgent.invoke(TestInvoker.java:969)
at org.testng.internal.invokers.TestInvoker.invokeTestMethods(TestInvoker.java:194)
at org.testng.internal.invokers.TestMethodWorker.invokeTestMethods(TestMethodWorker.java:148)
at org.testng.internal.invokers.TestMethodWorker.run(TestMethodWorker.java:128)
at java.base/java.util.ArrayList.forEach(ArrayList.java:1511)
at org.testng.TestRunner.privateRun(TestRunner.java:829)
at org.testng.TestRunner.run(TestRunner.java:602)
at org.testng.SuiteRunner.runTest(SuiteRunner.java:437)
at org.testng.SuiteRunner.runSequentially(SuiteRunner.java:431)
at org.testng.SuiteRunner.privateRun(SuiteRunner.java:391)
at org.testng.SuiteRunner.run(SuiteRunner.java:330)
at org.testng.SuiteRunnerWorker.runSuite(SuiteRunnerWorker.java:52)
at org.testng.SuiteRunnerWorker.run(SuiteRunnerWorker.java:95)
at org.testng.TestNG.runSuitesSequentially(TestNG.java:1256)
at org.testng.TestNG.runSuitesLocally(TestNG.java:1176)
at org.testng.TestNG.runSuites(TestNG.java:1099)
at org.testng.TestNG.run(TestNG.java:1067)
at org.apache.maven.surefire.testng.TestNGExecutor.run(TestNGExecutor.java:324)
at org.apache.maven.surefire.testng.TestNGXmlTestSuite.execute(TestNGXmlTestSuite.java:74)
at org.apache.maven.surefire.testng.TestNGProvider.invoke(TestNGProvider.java:123)
at org.apache.maven.surefire.booter.ForkedBooter.runSuitesInProcess(ForkedBooter.java:456)
at org.apache.maven.surefire.booter.ForkedBooter.execute(ForkedBooter.java:169)
at org.apache.maven.surefire.booter.ForkedBooter.run(ForkedBooter.java:595)
at org.apache.maven.surefire.booter.ForkedBooter.main(ForkedBooter.java:581)
Caused by: org.openqa.selenium.NoSuchElementException: no such element: Unable to locate element: {"method":"css selector","selector":"app-post-modal .like.far.fa-heart.fa-2x"}
  (Session info: chrome=120.0.6099.217)
For documentation on this error, please visit: https://www.selenium.dev/documentation/webdriver/troubleshooting/errors#no-such-element-exception
Build info: version: '4.15.0', revision: '1d14b5521b'
System info: os.name: 'Windows 10', os.arch: 'amd64', os.version: '10.0', java.version: '14.0.2'
Driver info: org.openqa.selenium.chrome.ChromeDriver
Command: [35f336ec25d8e1fe075e42cc491af7bd, findElement {using=css selector, value=app-post-modal .like.far.fa-heart.fa-2x}]
Capabilities {acceptInsecureCerts: false, browserName: chrome, browserVersion: 120.0.6099.217, chrome: {chromedriverVersion: 120.0.6099.109 (3419140ab66..., userDataDir: C:\Users\ILIYAN~1.VAS\AppDa...}, fedcm:accounts: true, goog:chromeOptions: {debuggerAddress: localhost:50837}, networkConnectionEnabled: false, pageLoadStrategy: normal, platformName: windows, proxy: Proxy(), se:cdp: ws://localhost:50837/devtoo..., se:cdpVersion: 120.0.6099.217, setWindowRect: true, strictFileInteractability: false, timeouts: {implicit: 0, pageLoad: 300000, script: 30000}, unhandledPromptBehavior: dismiss and notify, webauthn:extension:credBlob: true, webauthn:extension:largeBlob: true, webauthn:extension:minPinLength: true, webauthn:extension:prf: true, webauthn:virtualAuthenticators: true}
Session ID: 35f336ec25d8e1fe075e42cc491af7bd
at java.base/jdk.internal.reflect.NativeConstructorAccessorImpl.newInstance0(Native Method)
at java.base/jdk.internal.reflect.NativeConstructorAccessorImpl.newInstance(NativeConstructorAccessorImpl.java:62)
at java.base/jdk.internal.reflect.DelegatingConstructorAccessorImpl.newInstance(DelegatingConstructorAccessorImpl.java:45)
at java.base/java.lang.reflect.Constructor.newInstanceWithCaller(Constructor.java:500)
at java.base/java.lang.reflect.Constructor.newInstance(Constructor.java:481)
at org.openqa.selenium.remote.codec.w3c.W3CHttpResponseCodec.createException(W3CHttpResponseCodec.java:200)
at org.openqa.selenium.remote.codec.w3c.W3CHttpResponseCodec.decode(W3CHttpResponseCodec.java:133)
at org.openqa.selenium.remote.codec.w3c.W3CHttpResponseCodec.decode(W3CHttpResponseCodec.java:52)
at org.openqa.selenium.remote.HttpCommandExecutor.execute(HttpCommandExecutor.java:191)
at org.openqa.selenium.remote.service.DriverCommandExecutor.invokeExecute(DriverCommandExecutor.java:200)
at org.openqa.selenium.remote.service.DriverCommandExecutor.execute(DriverCommandExecutor.java:175)
at org.openqa.selenium.remote.RemoteWebDriver.execute(RemoteWebDriver.java:607)
at org.openqa.selenium.remote.ElementLocation$ElementFinder$2.findElement(ElementLocation.java:165)
at org.openqa.selenium.remote.ElementLocation.findElement(ElementLocation.java:59)
at org.openqa.selenium.remote.RemoteWebDriver.findElement(RemoteWebDriver.java:364)
at org.openqa.selenium.remote.RemoteWebDriver.findElement(RemoteWebDriver.java:358)
at org.openqa.selenium.support.pagefactory.DefaultElementLocator.findElement(DefaultElementLocator.java:68)
at org.openqa.selenium.support.pagefactory.internal.LocatingElementHandler.invoke(LocatingElementHandler.java:38)
at com.sun.proxy.$Proxy12.isDisplayed(Unknown Source)
at org.openqa.selenium.support.ui.ExpectedConditions.elementIfVisible(ExpectedConditions.java:304)
at org.openqa.selenium.support.ui.ExpectedConditions$10.apply(ExpectedConditions.java:290)
at org.openqa.selenium.support.ui.ExpectedConditions$10.apply(ExpectedConditions.java:287)
at org.openqa.selenium.support.ui.ExpectedConditions$23.apply(ExpectedConditions.java:656)
at org.openqa.selenium.support.ui.ExpectedConditions$23.apply(ExpectedConditions.java:652)
at org.openqa.selenium.support.ui.FluentWait.until(FluentWait.java:204)
... 34 more
]]>
            </full-stacktrace>
          </exception> <!-- org.openqa.selenium.TimeoutException -->
          <reporter-output>
          </reporter-output>
        </test-method> <!-- LikeUnlikeCommentPost -->
        <test-method is-config="true" signature="setupAftermethods(org.testng.ITestResult)[pri:0, instance:LikeUnlikeAndCommentPostTest@43195e57]" started-at="2024-01-13T17:48:40 EET" name="setupAftermethods" finished-at="2024-01-13T17:48:40 EET" duration-ms="388" status="PASS">
          <params>
            <param index="0">
              <value>
                <![CDATA[[TestResult name=LikeUnlikeCommentPost status=FAILURE method=LikeUnlikeAndCommentPostTest.LikeUnlikeCommentPost(java.lang.String,java.lang.String)[pri:0, instance:LikeUnlikeAndCommentPostTest@43195e57] output={null}]]]>
              </value>
            </param>
          </params>
          <reporter-output>
          </reporter-output>
        </test-method> <!-- setupAftermethods -->
        <test-method is-config="true" signature="setupMethods()[pri:0, instance:LikeUnlikeAndCommentPostTest@43195e57]" started-at="2024-01-13T17:48:40 EET" name="setupMethods" finished-at="2024-01-13T17:48:42 EET" duration-ms="1950" status="PASS">
          <reporter-output>
          </reporter-output>
        </test-method> <!-- setupMethods -->
        <test-method signature="LikeUnlikeCommentPost(java.lang.String,java.lang.String)[pri:0, instance:LikeUnlikeAndCommentPostTest@43195e57]" started-at="2024-01-13T17:48:42 EET" name="LikeUnlikeCommentPost" data-provider="UserInformation" finished-at="2024-01-13T17:49:11 EET" duration-ms="29142" status="FAIL">
          <params>
            <param index="0">
              <value>
                <![CDATA[Iliyana1]]>
              </value>
            </param>
            <param index="1">
              <value>
                <![CDATA[123456]]>
              </value>
            </param>
          </params>
          <exception class="org.openqa.selenium.TimeoutException">
            <message>
              <![CDATA[Expected condition failed: waiting for element to be clickable: Proxy element for: DefaultElementLocator 'By.cssSelector: app-post-modal .like.far.fa-heart.fa-2x' (tried for 20 second(s) with 500 milliseconds interval)]]>
            </message>
            <full-stacktrace>
              <![CDATA[org.openqa.selenium.TimeoutException: Expected condition failed: waiting for element to be clickable: Proxy element for: DefaultElementLocator 'By.cssSelector: app-post-modal .like.far.fa-heart.fa-2x' (tried for 20 second(s) with 500 milliseconds interval)
at org.openqa.selenium.support.ui.WebDriverWait.timeoutException(WebDriverWait.java:84)
at org.openqa.selenium.support.ui.FluentWait.until(FluentWait.java:229)
at HomePage.LikePost(HomePage.java:58)
at LikeUnlikeAndCommentPostTest.LikeUnlikeCommentPost(LikeUnlikeAndCommentPostTest.java:43)
at java.base/jdk.internal.reflect.NativeMethodAccessorImpl.invoke0(Native Method)
at java.base/jdk.internal.reflect.NativeMethodAccessorImpl.invoke(NativeMethodAccessorImpl.java:62)
at java.base/jdk.internal.reflect.DelegatingMethodAccessorImpl.invoke(DelegatingMethodAccessorImpl.java:43)
at java.base/java.lang.reflect.Method.invoke(Method.java:564)
at org.testng.internal.invokers.MethodInvocationHelper.invokeMethod(MethodInvocationHelper.java:139)
at org.testng.internal.invokers.TestInvoker.invokeMethod(TestInvoker.java:677)
at org.testng.internal.invokers.TestInvoker.invokeTestMethod(TestInvoker.java:221)
at org.testng.internal.invokers.MethodRunner.runInSequence(MethodRunner.java:50)
at org.testng.internal.invokers.TestInvoker$MethodInvocationAgent.invoke(TestInvoker.java:969)
at org.testng.internal.invokers.TestInvoker.invokeTestMethods(TestInvoker.java:194)
at org.testng.internal.invokers.TestMethodWorker.invokeTestMethods(TestMethodWorker.java:148)
at org.testng.internal.invokers.TestMethodWorker.run(TestMethodWorker.java:128)
at java.base/java.util.ArrayList.forEach(ArrayList.java:1511)
at org.testng.TestRunner.privateRun(TestRunner.java:829)
at org.testng.TestRunner.run(TestRunner.java:602)
at org.testng.SuiteRunner.runTest(SuiteRunner.java:437)
at org.testng.SuiteRunner.runSequentially(SuiteRunner.java:431)
at org.testng.SuiteRunner.privateRun(SuiteRunner.java:391)
at org.testng.SuiteRunner.run(SuiteRunner.java:330)
at org.testng.SuiteRunnerWorker.runSuite(SuiteRunnerWorker.java:52)
at org.testng.SuiteRunnerWorker.run(SuiteRunnerWorker.java:95)
at org.testng.TestNG.runSuitesSequentially(TestNG.java:1256)
at org.testng.TestNG.runSuitesLocally(TestNG.java:1176)
at org.testng.TestNG.runSuites(TestNG.java:1099)
at org.testng.TestNG.run(TestNG.java:1067)
at org.apache.maven.surefire.testng.TestNGExecutor.run(TestNGExecutor.java:324)
at org.apache.maven.surefire.testng.TestNGXmlTestSuite.execute(TestNGXmlTestSuite.java:74)
at org.apache.maven.surefire.testng.TestNGProvider.invoke(TestNGProvider.java:123)
at org.apache.maven.surefire.booter.ForkedBooter.runSuitesInProcess(ForkedBooter.java:456)
at org.apache.maven.surefire.booter.ForkedBooter.execute(ForkedBooter.java:169)
at org.apache.maven.surefire.booter.ForkedBooter.run(ForkedBooter.java:595)
at org.apache.maven.surefire.booter.ForkedBooter.main(ForkedBooter.java:581)
Caused by: org.openqa.selenium.NoSuchElementException: no such element: Unable to locate element: {"method":"css selector","selector":"app-post-modal .like.far.fa-heart.fa-2x"}
  (Session info: chrome=120.0.6099.217)
For documentation on this error, please visit: https://www.selenium.dev/documentation/webdriver/troubleshooting/errors#no-such-element-exception
Build info: version: '4.15.0', revision: '1d14b5521b'
System info: os.name: 'Windows 10', os.arch: 'amd64', os.version: '10.0', java.version: '14.0.2'
Driver info: org.openqa.selenium.chrome.ChromeDriver
Command: [08dc1c065cc133913d60c5848389a806, findElement {using=css selector, value=app-post-modal .like.far.fa-heart.fa-2x}]
Capabilities {acceptInsecureCerts: false, browserName: chrome, browserVersion: 120.0.6099.217, chrome: {chromedriverVersion: 120.0.6099.109 (3419140ab66..., userDataDir: C:\Users\ILIYAN~1.VAS\AppDa...}, fedcm:accounts: true, goog:chromeOptions: {debuggerAddress: localhost:50874}, networkConnectionEnabled: false, pageLoadStrategy: normal, platformName: windows, proxy: Proxy(), se:cdp: ws://localhost:50874/devtoo..., se:cdpVersion: 120.0.6099.217, setWindowRect: true, strictFileInteractability: false, timeouts: {implicit: 0, pageLoad: 300000, script: 30000}, unhandledPromptBehavior: dismiss and notify, webauthn:extension:credBlob: true, webauthn:extension:largeBlob: true, webauthn:extension:minPinLength: true, webauthn:extension:prf: true, webauthn:virtualAuthenticators: true}
Session ID: 08dc1c065cc133913d60c5848389a806
at java.base/jdk.internal.reflect.NativeConstructorAccessorImpl.newInstance0(Native Method)
at java.base/jdk.internal.reflect.NativeConstructorAccessorImpl.newInstance(NativeConstructorAccessorImpl.java:62)
at java.base/jdk.internal.reflect.DelegatingConstructorAccessorImpl.newInstance(DelegatingConstructorAccessorImpl.java:45)
at java.base/java.lang.reflect.Constructor.newInstanceWithCaller(Constructor.java:500)
at java.base/java.lang.reflect.Constructor.newInstance(Constructor.java:481)
at org.openqa.selenium.remote.codec.w3c.W3CHttpResponseCodec.createException(W3CHttpResponseCodec.java:200)
at org.openqa.selenium.remote.codec.w3c.W3CHttpResponseCodec.decode(W3CHttpResponseCodec.java:133)
at org.openqa.selenium.remote.codec.w3c.W3CHttpResponseCodec.decode(W3CHttpResponseCodec.java:52)
at org.openqa.selenium.remote.HttpCommandExecutor.execute(HttpCommandExecutor.java:191)
at org.openqa.selenium.remote.service.DriverCommandExecutor.invokeExecute(DriverCommandExecutor.java:200)
at org.openqa.selenium.remote.service.DriverCommandExecutor.execute(DriverCommandExecutor.java:175)
at org.openqa.selenium.remote.RemoteWebDriver.execute(RemoteWebDriver.java:607)
at org.openqa.selenium.remote.ElementLocation$ElementFinder$2.findElement(ElementLocation.java:165)
at org.openqa.selenium.remote.ElementLocation.findElement(ElementLocation.java:59)
at org.openqa.selenium.remote.RemoteWebDriver.findElement(RemoteWebDriver.java:364)
at org.openqa.selenium.remote.RemoteWebDriver.findElement(RemoteWebDriver.java:358)
at org.openqa.selenium.support.pagefactory.DefaultElementLocator.findElement(DefaultElementLocator.java:68)
at org.openqa.selenium.support.pagefactory.internal.LocatingElementHandler.invoke(LocatingElementHandler.java:38)
at com.sun.proxy.$Proxy12.isDisplayed(Unknown Source)
at org.openqa.selenium.support.ui.ExpectedConditions.elementIfVisible(ExpectedConditions.java:304)
at org.openqa.selenium.support.ui.ExpectedConditions$10.apply(ExpectedConditions.java:290)
at org.openqa.selenium.support.ui.ExpectedConditions$10.apply(ExpectedConditions.java:287)
at org.openqa.selenium.support.ui.ExpectedConditions$23.apply(ExpectedConditions.java:656)
at org.openqa.selenium.support.ui.ExpectedConditions$23.apply(ExpectedConditions.java:652)
at org.openqa.selenium.support.ui.FluentWait.until(FluentWait.java:204)
... 34 more
]]>
            </full-stacktrace>
          </exception> <!-- org.openqa.selenium.TimeoutException -->
          <reporter-output>
          </reporter-output>
        </test-method> <!-- LikeUnlikeCommentPost -->
        <test-method is-config="true" signature="setupAftermethods(org.testng.ITestResult)[pri:0, instance:LikeUnlikeAndCommentPostTest@43195e57]" started-at="2024-01-13T17:49:11 EET" name="setupAftermethods" finished-at="2024-01-13T17:49:18 EET" duration-ms="6716" status="PASS">
          <params>
            <param index="0">
              <value>
                <![CDATA[[TestResult name=LikeUnlikeCommentPost status=FAILURE method=LikeUnlikeAndCommentPostTest.LikeUnlikeCommentPost(java.lang.String,java.lang.String)[pri:0, instance:LikeUnlikeAndCommentPostTest@43195e57] output={null}]]]>
              </value>
            </param>
          </params>
          <reporter-output>
          </reporter-output>
        </test-method> <!-- setupAftermethods -->
        <test-method is-config="true" signature="setupMethods()[pri:0, instance:LikeUnlikeAndCommentPostTest@43195e57]" started-at="2024-01-13T17:49:18 EET" name="setupMethods" finished-at="2024-01-13T17:49:21 EET" duration-ms="3074" status="PASS">
          <reporter-output>
          </reporter-output>
        </test-method> <!-- setupMethods -->
        <test-method signature="LikeUnlikeCommentPost(java.lang.String,java.lang.String)[pri:0, instance:LikeUnlikeAndCommentPostTest@43195e57]" started-at="2024-01-13T17:49:21 EET" name="LikeUnlikeCommentPost" data-provider="UserInformation" finished-at="2024-01-13T17:49:24 EET" duration-ms="2970" status="PASS">
          <params>
            <param index="0">
              <value>
                <![CDATA[Iliyana1]]>
              </value>
            </param>
            <param index="1">
              <value>
                <![CDATA[123456]]>
              </value>
            </param>
          </params>
          <reporter-output>
          </reporter-output>
        </test-method> <!-- LikeUnlikeCommentPost -->
        <test-method is-config="true" signature="setupAftermethods(org.testng.ITestResult)[pri:0, instance:LikeUnlikeAndCommentPostTest@43195e57]" started-at="2024-01-13T17:49:24 EET" name="setupAftermethods" finished-at="2024-01-13T17:49:24 EET" duration-ms="112" status="PASS">
          <params>
            <param index="0">
              <value>
                <![CDATA[[TestResult name=LikeUnlikeCommentPost status=SUCCESS method=LikeUnlikeAndCommentPostTest.LikeUnlikeCommentPost(java.lang.String,java.lang.String)[pri:0, instance:LikeUnlikeAndCommentPostTest@43195e57] output={null}]]]>
              </value>
            </param>
          </params>
          <reporter-output>
          </reporter-output>
        </test-method> <!-- setupAftermethods -->
        <test-method is-config="true" signature="setupMethods()[pri:0, instance:LikeUnlikeAndCommentPostTest@43195e57]" started-at="2024-01-13T17:49:24 EET" name="setupMethods" finished-at="2024-01-13T17:49:26 EET" duration-ms="2520" status="PASS">
          <reporter-output>
          </reporter-output>
        </test-method> <!-- setupMethods -->
        <test-method signature="LikeUnlikeCommentPost(java.lang.String,java.lang.String)[pri:0, instance:LikeUnlikeAndCommentPostTest@43195e57]" started-at="2024-01-13T17:49:26 EET" name="LikeUnlikeCommentPost" data-provider="UserInformation" finished-at="2024-01-13T17:49:29 EET" duration-ms="3031" status="PASS">
          <params>
            <param index="0">
              <value>
                <![CDATA[Iliyana1]]>
              </value>
            </param>
            <param index="1">
              <value>
                <![CDATA[123456]]>
              </value>
            </param>
          </params>
          <reporter-output>
          </reporter-output>
        </test-method> <!-- LikeUnlikeCommentPost -->
        <test-method is-config="true" signature="setupAftermethods(org.testng.ITestResult)[pri:0, instance:LikeUnlikeAndCommentPostTest@43195e57]" started-at="2024-01-13T17:49:29 EET" name="setupAftermethods" finished-at="2024-01-13T17:49:30 EET" duration-ms="367" status="PASS">
          <params>
            <param index="0">
              <value>
                <![CDATA[[TestResult name=LikeUnlikeCommentPost status=SUCCESS method=LikeUnlikeAndCommentPostTest.LikeUnlikeCommentPost(java.lang.String,java.lang.String)[pri:0, instance:LikeUnlikeAndCommentPostTest@43195e57] output={null}]]]>
              </value>
            </param>
          </params>
          <reporter-output>
          </reporter-output>
        </test-method> <!-- setupAftermethods -->
        <test-method is-config="true" signature="setupMethods()[pri:0, instance:LikeUnlikeAndCommentPostTest@43195e57]" started-at="2024-01-13T17:49:30 EET" name="setupMethods" finished-at="2024-01-13T17:49:32 EET" duration-ms="2292" status="PASS">
          <reporter-output>
          </reporter-output>
        </test-method> <!-- setupMethods -->
        <test-method signature="LikeUnlikeCommentPost(java.lang.String,java.lang.String)[pri:0, instance:LikeUnlikeAndCommentPostTest@43195e57]" started-at="2024-01-13T17:49:32 EET" name="LikeUnlikeCommentPost" data-provider="UserInformation" finished-at="2024-01-13T17:49:35 EET" duration-ms="2708" status="PASS">
          <params>
            <param index="0">
              <value>
                <![CDATA[Iliyana1]]>
              </value>
            </param>
            <param index="1">
              <value>
                <![CDATA[123456]]>
              </value>
            </param>
          </params>
          <reporter-output>
          </reporter-output>
        </test-method> <!-- LikeUnlikeCommentPost -->
        <test-method is-config="true" signature="setupAftermethods(org.testng.ITestResult)[pri:0, instance:LikeUnlikeAndCommentPostTest@43195e57]" started-at="2024-01-13T17:49:35 EET" name="setupAftermethods" finished-at="2024-01-13T17:49:35 EET" duration-ms="168" status="PASS">
          <params>
            <param index="0">
              <value>
                <![CDATA[[TestResult name=LikeUnlikeCommentPost status=SUCCESS method=LikeUnlikeAndCommentPostTest.LikeUnlikeCommentPost(java.lang.String,java.lang.String)[pri:0, instance:LikeUnlikeAndCommentPostTest@43195e57] output={null}]]]>
              </value>
            </param>
          </params>
          <reporter-output>
          </reporter-output>
        </test-method> <!-- setupAftermethods -->
      </class> <!-- LikeUnlikeAndCommentPostTest -->
      <class name="BaseClass">
        <test-method is-config="true" signature="setupTestSuite()[pri:0, instance:BaseClass@61df66b6]" started-at="2024-01-13T17:47:01 EET" name="setupTestSuite" finished-at="2024-01-13T17:47:03 EET" duration-ms="2284" status="PASS">
          <reporter-output>
          </reporter-output>
        </test-method> <!-- setupTestSuite -->
      </class> <!-- BaseClass -->
      <class name="FollowAndUnfollowUserTest">
        <test-method is-config="true" signature="setupMethods()[pri:0, instance:FollowAndUnfollowUserTest@333291e3]" started-at="2024-01-13T17:49:35 EET" name="setupMethods" finished-at="2024-01-13T17:49:37 EET" duration-ms="1882" status="PASS">
          <reporter-output>
          </reporter-output>
        </test-method> <!-- setupMethods -->
        <test-method signature="FollowAndUnfollowUser(java.lang.String,java.lang.String)[pri:0, instance:FollowAndUnfollowUserTest@333291e3]" started-at="2024-01-13T17:49:37 EET" name="FollowAndUnfollowUser" data-provider="UserInformation" finished-at="2024-01-13T17:50:17 EET" duration-ms="40464" status="FAIL">
          <params>
            <param index="0">
              <value>
                <![CDATA[Iliyana4]]>
              </value>
            </param>
            <param index="1">
              <value>
                <![CDATA[123456]]>
              </value>
            </param>
          </params>
          <exception class="org.openqa.selenium.TimeoutException">
            <message>
              <![CDATA[Expected condition failed: waiting for visibility of Proxy element for: DefaultElementLocator 'By.cssSelector: app-post-modal .post-user' (tried for 30 second(s) with 500 milliseconds interval)]]>
            </message>
            <full-stacktrace>
              <![CDATA[org.openqa.selenium.TimeoutException: Expected condition failed: waiting for visibility of Proxy element for: DefaultElementLocator 'By.cssSelector: app-post-modal .post-user' (tried for 30 second(s) with 500 milliseconds interval)
at org.openqa.selenium.support.ui.WebDriverWait.timeoutException(WebDriverWait.java:84)
at org.openqa.selenium.support.ui.FluentWait.until(FluentWait.java:229)
at HomePage.OpenUser(HomePage.java:77)
at FollowAndUnfollowUserTest.FollowAndUnfollowUser(FollowAndUnfollowUserTest.java:35)
at java.base/jdk.internal.reflect.NativeMethodAccessorImpl.invoke0(Native Method)
at java.base/jdk.internal.reflect.NativeMethodAccessorImpl.invoke(NativeMethodAccessorImpl.java:62)
at java.base/jdk.internal.reflect.DelegatingMethodAccessorImpl.invoke(DelegatingMethodAccessorImpl.java:43)
at java.base/java.lang.reflect.Method.invoke(Method.java:564)
at org.testng.internal.invokers.MethodInvocationHelper.invokeMethod(MethodInvocationHelper.java:139)
at org.testng.internal.invokers.TestInvoker.invokeMethod(TestInvoker.java:677)
at org.testng.internal.invokers.TestInvoker.invokeTestMethod(TestInvoker.java:221)
at org.testng.internal.invokers.MethodRunner.runInSequence(MethodRunner.java:50)
at org.testng.internal.invokers.TestInvoker$MethodInvocationAgent.invoke(TestInvoker.java:969)
at org.testng.internal.invokers.TestInvoker.invokeTestMethods(TestInvoker.java:194)
at org.testng.internal.invokers.TestMethodWorker.invokeTestMethods(TestMethodWorker.java:148)
at org.testng.internal.invokers.TestMethodWorker.run(TestMethodWorker.java:128)
at java.base/java.util.ArrayList.forEach(ArrayList.java:1511)
at org.testng.TestRunner.privateRun(TestRunner.java:829)
at org.testng.TestRunner.run(TestRunner.java:602)
at org.testng.SuiteRunner.runTest(SuiteRunner.java:437)
at org.testng.SuiteRunner.runSequentially(SuiteRunner.java:431)
at org.testng.SuiteRunner.privateRun(SuiteRunner.java:391)
at org.testng.SuiteRunner.run(SuiteRunner.java:330)
at org.testng.SuiteRunnerWorker.runSuite(SuiteRunnerWorker.java:52)
at org.testng.SuiteRunnerWorker.run(SuiteRunnerWorker.java:95)
at org.testng.TestNG.runSuitesSequentially(TestNG.java:1256)
at org.testng.TestNG.runSuitesLocally(TestNG.java:1176)
at org.testng.TestNG.runSuites(TestNG.java:1099)
at org.testng.TestNG.run(TestNG.java:1067)
at org.apache.maven.surefire.testng.TestNGExecutor.run(TestNGExecutor.java:324)
at org.apache.maven.surefire.testng.TestNGXmlTestSuite.execute(TestNGXmlTestSuite.java:74)
at org.apache.maven.surefire.testng.TestNGProvider.invoke(TestNGProvider.java:123)
at org.apache.maven.surefire.booter.ForkedBooter.runSuitesInProcess(ForkedBooter.java:456)
at org.apache.maven.surefire.booter.ForkedBooter.execute(ForkedBooter.java:169)
at org.apache.maven.surefire.booter.ForkedBooter.run(ForkedBooter.java:595)
at org.apache.maven.surefire.booter.ForkedBooter.main(ForkedBooter.java:581)
Caused by: org.openqa.selenium.NoSuchElementException: no such element: Unable to locate element: {"method":"css selector","selector":"app-post-modal .post-user"}
  (Session info: chrome=120.0.6099.217)
For documentation on this error, please visit: https://www.selenium.dev/documentation/webdriver/troubleshooting/errors#no-such-element-exception
Build info: version: '4.15.0', revision: '1d14b5521b'
System info: os.name: 'Windows 10', os.arch: 'amd64', os.version: '10.0', java.version: '14.0.2'
Driver info: org.openqa.selenium.chrome.ChromeDriver
Command: [57248d491db3eb80fa8b2968b3ae8fc5, findElement {using=css selector, value=app-post-modal .post-user}]
Capabilities {acceptInsecureCerts: false, browserName: chrome, browserVersion: 120.0.6099.217, chrome: {chromedriverVersion: 120.0.6099.109 (3419140ab66..., userDataDir: C:\Users\ILIYAN~1.VAS\AppDa...}, fedcm:accounts: true, goog:chromeOptions: {debuggerAddress: localhost:51112}, networkConnectionEnabled: false, pageLoadStrategy: normal, platformName: windows, proxy: Proxy(), se:cdp: ws://localhost:51112/devtoo..., se:cdpVersion: 120.0.6099.217, setWindowRect: true, strictFileInteractability: false, timeouts: {implicit: 0, pageLoad: 300000, script: 30000}, unhandledPromptBehavior: dismiss and notify, webauthn:extension:credBlob: true, webauthn:extension:largeBlob: true, webauthn:extension:minPinLength: true, webauthn:extension:prf: true, webauthn:virtualAuthenticators: true}
Session ID: 57248d491db3eb80fa8b2968b3ae8fc5
at java.base/jdk.internal.reflect.NativeConstructorAccessorImpl.newInstance0(Native Method)
at java.base/jdk.internal.reflect.NativeConstructorAccessorImpl.newInstance(NativeConstructorAccessorImpl.java:62)
at java.base/jdk.internal.reflect.DelegatingConstructorAccessorImpl.newInstance(DelegatingConstructorAccessorImpl.java:45)
at java.base/java.lang.reflect.Constructor.newInstanceWithCaller(Constructor.java:500)
at java.base/java.lang.reflect.Constructor.newInstance(Constructor.java:481)
at org.openqa.selenium.remote.codec.w3c.W3CHttpResponseCodec.createException(W3CHttpResponseCodec.java:200)
at org.openqa.selenium.remote.codec.w3c.W3CHttpResponseCodec.decode(W3CHttpResponseCodec.java:133)
at org.openqa.selenium.remote.codec.w3c.W3CHttpResponseCodec.decode(W3CHttpResponseCodec.java:52)
at org.openqa.selenium.remote.HttpCommandExecutor.execute(HttpCommandExecutor.java:191)
at org.openqa.selenium.remote.service.DriverCommandExecutor.invokeExecute(DriverCommandExecutor.java:200)
at org.openqa.selenium.remote.service.DriverCommandExecutor.execute(DriverCommandExecutor.java:175)
at org.openqa.selenium.remote.RemoteWebDriver.execute(RemoteWebDriver.java:607)
at org.openqa.selenium.remote.ElementLocation$ElementFinder$2.findElement(ElementLocation.java:165)
at org.openqa.selenium.remote.ElementLocation.findElement(ElementLocation.java:59)
at org.openqa.selenium.remote.RemoteWebDriver.findElement(RemoteWebDriver.java:364)
at org.openqa.selenium.remote.RemoteWebDriver.findElement(RemoteWebDriver.java:358)
at org.openqa.selenium.support.pagefactory.DefaultElementLocator.findElement(DefaultElementLocator.java:68)
at org.openqa.selenium.support.pagefactory.internal.LocatingElementHandler.invoke(LocatingElementHandler.java:38)
at com.sun.proxy.$Proxy12.isDisplayed(Unknown Source)
at org.openqa.selenium.support.ui.ExpectedConditions.elementIfVisible(ExpectedConditions.java:304)
at org.openqa.selenium.support.ui.ExpectedConditions$10.apply(ExpectedConditions.java:290)
at org.openqa.selenium.support.ui.ExpectedConditions$10.apply(ExpectedConditions.java:287)
at org.openqa.selenium.support.ui.FluentWait.until(FluentWait.java:204)
... 34 more
]]>
            </full-stacktrace>
          </exception> <!-- org.openqa.selenium.TimeoutException -->
          <reporter-output>
          </reporter-output>
        </test-method> <!-- FollowAndUnfollowUser -->
        <test-method is-config="true" signature="setupAftermethods(org.testng.ITestResult)[pri:0, instance:FollowAndUnfollowUserTest@333291e3]" started-at="2024-01-13T17:50:17 EET" name="setupAftermethods" finished-at="2024-01-13T17:50:18 EET" duration-ms="331" status="PASS">
          <params>
            <param index="0">
              <value>
                <![CDATA[[TestResult name=FollowAndUnfollowUser status=FAILURE method=FollowAndUnfollowUserTest.FollowAndUnfollowUser(java.lang.String,java.lang.String)[pri:0, instance:FollowAndUnfollowUserTest@333291e3] output={null}]]]>
              </value>
            </param>
          </params>
          <reporter-output>
          </reporter-output>
        </test-method> <!-- setupAftermethods -->
        <test-method is-config="true" signature="setupMethods()[pri:0, instance:FollowAndUnfollowUserTest@333291e3]" started-at="2024-01-13T17:50:18 EET" name="setupMethods" finished-at="2024-01-13T17:50:20 EET" duration-ms="2383" status="PASS">
          <reporter-output>
          </reporter-output>
        </test-method> <!-- setupMethods -->
        <test-method signature="FollowAndUnfollowUser(java.lang.String,java.lang.String)[pri:0, instance:FollowAndUnfollowUserTest@333291e3]" started-at="2024-01-13T17:50:20 EET" name="FollowAndUnfollowUser" data-provider="UserInformation" finished-at="2024-01-13T17:50:24 EET" duration-ms="3590" status="PASS">
          <params>
            <param index="0">
              <value>
                <![CDATA[Iliyana4]]>
              </value>
            </param>
            <param index="1">
              <value>
                <![CDATA[123456]]>
              </value>
            </param>
          </params>
          <reporter-output>
          </reporter-output>
        </test-method> <!-- FollowAndUnfollowUser -->
        <test-method is-config="true" signature="setupAftermethods(org.testng.ITestResult)[pri:0, instance:FollowAndUnfollowUserTest@333291e3]" started-at="2024-01-13T17:50:24 EET" name="setupAftermethods" finished-at="2024-01-13T17:50:24 EET" duration-ms="202" status="PASS">
          <params>
            <param index="0">
              <value>
                <![CDATA[[TestResult name=FollowAndUnfollowUser status=SUCCESS method=FollowAndUnfollowUserTest.FollowAndUnfollowUser(java.lang.String,java.lang.String)[pri:0, instance:FollowAndUnfollowUserTest@333291e3] output={null}]]]>
              </value>
            </param>
          </params>
          <reporter-output>
          </reporter-output>
        </test-method> <!-- setupAftermethods -->
        <test-method is-config="true" signature="setupMethods()[pri:0, instance:FollowAndUnfollowUserTest@333291e3]" started-at="2024-01-13T17:50:24 EET" name="setupMethods" finished-at="2024-01-13T17:50:25 EET" duration-ms="1630" status="PASS">
          <reporter-output>
          </reporter-output>
        </test-method> <!-- setupMethods -->
        <test-method signature="FollowAndUnfollowUser(java.lang.String,java.lang.String)[pri:0, instance:FollowAndUnfollowUserTest@333291e3]" started-at="2024-01-13T17:50:25 EET" name="FollowAndUnfollowUser" data-provider="UserInformation" finished-at="2024-01-13T17:50:29 EET" duration-ms="3073" status="PASS">
          <params>
            <param index="0">
              <value>
                <![CDATA[Iliyana4]]>
              </value>
            </param>
            <param index="1">
              <value>
                <![CDATA[123456]]>
              </value>
            </param>
          </params>
          <reporter-output>
          </reporter-output>
        </test-method> <!-- FollowAndUnfollowUser -->
        <test-method is-config="true" signature="setupAftermethods(org.testng.ITestResult)[pri:0, instance:FollowAndUnfollowUserTest@333291e3]" started-at="2024-01-13T17:50:29 EET" name="setupAftermethods" finished-at="2024-01-13T17:50:29 EET" duration-ms="179" status="PASS">
          <params>
            <param index="0">
              <value>
                <![CDATA[[TestResult name=FollowAndUnfollowUser status=SUCCESS method=FollowAndUnfollowUserTest.FollowAndUnfollowUser(java.lang.String,java.lang.String)[pri:0, instance:FollowAndUnfollowUserTest@333291e3] output={null}]]]>
              </value>
            </param>
          </params>
          <reporter-output>
          </reporter-output>
        </test-method> <!-- setupAftermethods -->
        <test-method is-config="true" signature="setupMethods()[pri:0, instance:FollowAndUnfollowUserTest@333291e3]" started-at="2024-01-13T17:50:29 EET" name="setupMethods" finished-at="2024-01-13T17:50:30 EET" duration-ms="1553" status="PASS">
          <reporter-output>
          </reporter-output>
        </test-method> <!-- setupMethods -->
        <test-method signature="FollowAndUnfollowUser(java.lang.String,java.lang.String)[pri:0, instance:FollowAndUnfollowUserTest@333291e3]" started-at="2024-01-13T17:50:30 EET" name="FollowAndUnfollowUser" data-provider="UserInformation" finished-at="2024-01-13T17:50:34 EET" duration-ms="3223" status="PASS">
          <params>
            <param index="0">
              <value>
                <![CDATA[Iliyana4]]>
              </value>
            </param>
            <param index="1">
              <value>
                <![CDATA[123456]]>
              </value>
            </param>
          </params>
          <reporter-output>
          </reporter-output>
        </test-method> <!-- FollowAndUnfollowUser -->
        <test-method is-config="true" signature="setupAftermethods(org.testng.ITestResult)[pri:0, instance:FollowAndUnfollowUserTest@333291e3]" started-at="2024-01-13T17:50:34 EET" name="setupAftermethods" finished-at="2024-01-13T17:50:34 EET" duration-ms="172" status="PASS">
          <params>
            <param index="0">
              <value>
                <![CDATA[[TestResult name=FollowAndUnfollowUser status=SUCCESS method=FollowAndUnfollowUserTest.FollowAndUnfollowUser(java.lang.String,java.lang.String)[pri:0, instance:FollowAndUnfollowUserTest@333291e3] output={null}]]]>
              </value>
            </param>
          </params>
          <reporter-output>
          </reporter-output>
        </test-method> <!-- setupAftermethods -->
        <test-method is-config="true" signature="setupMethods()[pri:0, instance:FollowAndUnfollowUserTest@333291e3]" started-at="2024-01-13T17:50:34 EET" name="setupMethods" finished-at="2024-01-13T17:50:35 EET" duration-ms="1570" status="PASS">
          <reporter-output>
          </reporter-output>
        </test-method> <!-- setupMethods -->
        <test-method signature="FollowAndUnfollowUser(java.lang.String,java.lang.String)[pri:0, instance:FollowAndUnfollowUserTest@333291e3]" started-at="2024-01-13T17:50:35 EET" name="FollowAndUnfollowUser" data-provider="UserInformation" finished-at="2024-01-13T17:50:38 EET" duration-ms="3033" status="PASS">
          <params>
            <param index="0">
              <value>
                <![CDATA[Iliyana4]]>
              </value>
            </param>
            <param index="1">
              <value>
                <![CDATA[123456]]>
              </value>
            </param>
          </params>
          <reporter-output>
          </reporter-output>
        </test-method> <!-- FollowAndUnfollowUser -->
        <test-method is-config="true" signature="setupAftermethods(org.testng.ITestResult)[pri:0, instance:FollowAndUnfollowUserTest@333291e3]" started-at="2024-01-13T17:50:38 EET" name="setupAftermethods" finished-at="2024-01-13T17:50:38 EET" duration-ms="139" status="PASS">
          <params>
            <param index="0">
              <value>
                <![CDATA[[TestResult name=FollowAndUnfollowUser status=SUCCESS method=FollowAndUnfollowUserTest.FollowAndUnfollowUser(java.lang.String,java.lang.String)[pri:0, instance:FollowAndUnfollowUserTest@333291e3] output={null}]]]>
              </value>
            </param>
          </params>
          <reporter-output>
          </reporter-output>
        </test-method> <!-- setupAftermethods -->
      </class> <!-- FollowAndUnfollowUserTest -->
      <class name="RegisterUserTest">
        <test-method is-config="true" signature="setupMethods()[pri:0, instance:RegisterUserTest@6973b51b]" started-at="2024-01-13T17:47:03 EET" name="setupMethods" finished-at="2024-01-13T17:47:06 EET" duration-ms="2752" status="PASS">
          <reporter-output>
          </reporter-output>
        </test-method> <!-- setupMethods -->
        <test-method signature="registrationUser()[pri:0, instance:RegisterUserTest@6973b51b]" started-at="2024-01-13T17:47:06 EET" name="registrationUser" finished-at="2024-01-13T17:47:10 EET" duration-ms="4294" status="PASS">
          <reporter-output>
          </reporter-output>
        </test-method> <!-- registrationUser -->
        <test-method is-config="true" signature="setupAftermethods(org.testng.ITestResult)[pri:0, instance:RegisterUserTest@6973b51b]" started-at="2024-01-13T17:47:10 EET" name="setupAftermethods" finished-at="2024-01-13T17:47:11 EET" duration-ms="292" status="PASS">
          <params>
            <param index="0">
              <value>
                <![CDATA[[TestResult name=registrationUser status=SUCCESS method=RegisterUserTest.registrationUser()[pri:0, instance:RegisterUserTest@6973b51b] output={null}]]]>
              </value>
            </param>
          </params>
          <reporter-output>
          </reporter-output>
        </test-method> <!-- setupAftermethods -->
        <test-method is-config="true" signature="setupMethods()[pri:0, instance:RegisterUserTest@6973b51b]" started-at="2024-01-13T17:47:11 EET" name="setupMethods" finished-at="2024-01-13T17:47:12 EET" duration-ms="1654" status="PASS">
          <reporter-output>
          </reporter-output>
        </test-method> <!-- setupMethods -->
        <test-method signature="registrationUser()[pri:0, instance:RegisterUserTest@6973b51b]" started-at="2024-01-13T17:47:12 EET" name="registrationUser" finished-at="2024-01-13T17:47:16 EET" duration-ms="3381" status="PASS">
          <reporter-output>
          </reporter-output>
        </test-method> <!-- registrationUser -->
        <test-method is-config="true" signature="setupAftermethods(org.testng.ITestResult)[pri:0, instance:RegisterUserTest@6973b51b]" started-at="2024-01-13T17:47:16 EET" name="setupAftermethods" finished-at="2024-01-13T17:47:16 EET" duration-ms="312" status="PASS">
          <params>
            <param index="0">
              <value>
                <![CDATA[[TestResult name=registrationUser status=SUCCESS method=RegisterUserTest.registrationUser()[pri:0, instance:RegisterUserTest@6973b51b] output={null}]]]>
              </value>
            </param>
          </params>
          <reporter-output>
          </reporter-output>
        </test-method> <!-- setupAftermethods -->
        <test-method is-config="true" signature="setupMethods()[pri:0, instance:RegisterUserTest@6973b51b]" started-at="2024-01-13T17:47:16 EET" name="setupMethods" finished-at="2024-01-13T17:47:18 EET" duration-ms="1967" status="PASS">
          <reporter-output>
          </reporter-output>
        </test-method> <!-- setupMethods -->
        <test-method signature="registrationUser()[pri:0, instance:RegisterUserTest@6973b51b]" started-at="2024-01-13T17:47:18 EET" name="registrationUser" finished-at="2024-01-13T17:47:21 EET" duration-ms="3598" status="PASS">
          <reporter-output>
          </reporter-output>
        </test-method> <!-- registrationUser -->
        <test-method is-config="true" signature="setupAftermethods(org.testng.ITestResult)[pri:0, instance:RegisterUserTest@6973b51b]" started-at="2024-01-13T17:47:21 EET" name="setupAftermethods" finished-at="2024-01-13T17:47:22 EET" duration-ms="276" status="PASS">
          <params>
            <param index="0">
              <value>
                <![CDATA[[TestResult name=registrationUser status=SUCCESS method=RegisterUserTest.registrationUser()[pri:0, instance:RegisterUserTest@6973b51b] output={null}]]]>
              </value>
            </param>
          </params>
          <reporter-output>
          </reporter-output>
        </test-method> <!-- setupAftermethods -->
        <test-method is-config="true" signature="setupMethods()[pri:0, instance:RegisterUserTest@6973b51b]" started-at="2024-01-13T17:47:22 EET" name="setupMethods" finished-at="2024-01-13T17:47:23 EET" duration-ms="1681" status="PASS">
          <reporter-output>
          </reporter-output>
        </test-method> <!-- setupMethods -->
        <test-method signature="registrationUser()[pri:0, instance:RegisterUserTest@6973b51b]" started-at="2024-01-13T17:47:23 EET" name="registrationUser" finished-at="2024-01-13T17:47:27 EET" duration-ms="3405" status="PASS">
          <reporter-output>
          </reporter-output>
        </test-method> <!-- registrationUser -->
        <test-method is-config="true" signature="setupAftermethods(org.testng.ITestResult)[pri:0, instance:RegisterUserTest@6973b51b]" started-at="2024-01-13T17:47:27 EET" name="setupAftermethods" finished-at="2024-01-13T17:47:27 EET" duration-ms="292" status="PASS">
          <params>
            <param index="0">
              <value>
                <![CDATA[[TestResult name=registrationUser status=SUCCESS method=RegisterUserTest.registrationUser()[pri:0, instance:RegisterUserTest@6973b51b] output={null}]]]>
              </value>
            </param>
          </params>
          <reporter-output>
          </reporter-output>
        </test-method> <!-- setupAftermethods -->
        <test-method is-config="true" signature="setupMethods()[pri:0, instance:RegisterUserTest@6973b51b]" started-at="2024-01-13T17:47:27 EET" name="setupMethods" finished-at="2024-01-13T17:47:29 EET" duration-ms="1573" status="PASS">
          <reporter-output>
          </reporter-output>
        </test-method> <!-- setupMethods -->
        <test-method signature="registrationUser()[pri:0, instance:RegisterUserTest@6973b51b]" started-at="2024-01-13T17:47:29 EET" name="registrationUser" finished-at="2024-01-13T17:47:35 EET" duration-ms="5981" status="PASS">
          <reporter-output>
          </reporter-output>
        </test-method> <!-- registrationUser -->
        <test-method is-config="true" signature="setupAftermethods(org.testng.ITestResult)[pri:0, instance:RegisterUserTest@6973b51b]" started-at="2024-01-13T17:47:35 EET" name="setupAftermethods" finished-at="2024-01-13T17:47:35 EET" duration-ms="260" status="PASS">
          <params>
            <param index="0">
              <value>
                <![CDATA[[TestResult name=registrationUser status=SUCCESS method=RegisterUserTest.registrationUser()[pri:0, instance:RegisterUserTest@6973b51b] output={null}]]]>
              </value>
            </param>
          </params>
          <reporter-output>
          </reporter-output>
        </test-method> <!-- setupAftermethods -->
      </class> <!-- RegisterUserTest -->
      <class name="NewPostAndDeleteTest">
        <test-method is-config="true" signature="setupMethods()[pri:0, instance:NewPostAndDeleteTest@1ab3a8c8]" started-at="2024-01-13T17:47:35 EET" name="setupMethods" finished-at="2024-01-13T17:47:36 EET" duration-ms="1567" status="PASS">
          <reporter-output>
          </reporter-output>
        </test-method> <!-- setupMethods -->
        <test-method signature="testUploadImage(java.lang.String,java.lang.String,java.io.File,java.lang.String)[pri:0, instance:NewPostAndDeleteTest@1ab3a8c8]" started-at="2024-01-13T17:47:36 EET" name="testUploadImage" data-provider="UserInformation" finished-at="2024-01-13T17:47:41 EET" duration-ms="4562" status="PASS">
          <params>
            <param index="0">
              <value>
                <![CDATA[Iliyana1]]>
              </value>
            </param>
            <param index="1">
              <value>
                <![CDATA[123456]]>
              </value>
            </param>
            <param index="2">
              <value>
                <![CDATA[src\main\resources\Upload\au9i1g9hn-1200x595.jpg]]>
              </value>
            </param>
            <param index="3">
              <value>
                <![CDATA[Test caption]]>
              </value>
            </param>
          </params>
          <reporter-output>
          </reporter-output>
        </test-method> <!-- testUploadImage -->
        <test-method is-config="true" signature="setupAftermethods(org.testng.ITestResult)[pri:0, instance:NewPostAndDeleteTest@1ab3a8c8]" started-at="2024-01-13T17:47:41 EET" name="setupAftermethods" finished-at="2024-01-13T17:47:41 EET" duration-ms="235" status="PASS">
          <params>
            <param index="0">
              <value>
                <![CDATA[[TestResult name=testUploadImage status=SUCCESS method=NewPostAndDeleteTest.testUploadImage(java.lang.String,java.lang.String,java.io.File,java.lang.String)[pri:0, instance:NewPostAndDeleteTest@1ab3a8c8] output={null}]]]>
              </value>
            </param>
          </params>
          <reporter-output>
          </reporter-output>
        </test-method> <!-- setupAftermethods -->
        <test-method is-config="true" signature="setupMethods()[pri:0, instance:NewPostAndDeleteTest@1ab3a8c8]" started-at="2024-01-13T17:47:41 EET" name="setupMethods" finished-at="2024-01-13T17:47:43 EET" duration-ms="1760" status="PASS">
          <reporter-output>
          </reporter-output>
        </test-method> <!-- setupMethods -->
        <test-method signature="testUploadImage(java.lang.String,java.lang.String,java.io.File,java.lang.String)[pri:0, instance:NewPostAndDeleteTest@1ab3a8c8]" started-at="2024-01-13T17:47:43 EET" name="testUploadImage" data-provider="UserInformation" finished-at="2024-01-13T17:47:48 EET" duration-ms="4879" status="PASS">
          <params>
            <param index="0">
              <value>
                <![CDATA[Iliyana1]]>
              </value>
            </param>
            <param index="1">
              <value>
                <![CDATA[123456]]>
              </value>
            </param>
            <param index="2">
              <value>
                <![CDATA[src\main\resources\Upload\au9i1g9hn-1200x595.jpg]]>
              </value>
            </param>
            <param index="3">
              <value>
                <![CDATA[Test caption]]>
              </value>
            </param>
          </params>
          <reporter-output>
          </reporter-output>
        </test-method> <!-- testUploadImage -->
        <test-method is-config="true" signature="setupAftermethods(org.testng.ITestResult)[pri:0, instance:NewPostAndDeleteTest@1ab3a8c8]" started-at="2024-01-13T17:47:48 EET" name="setupAftermethods" finished-at="2024-01-13T17:47:48 EET" duration-ms="268" status="PASS">
          <params>
            <param index="0">
              <value>
                <![CDATA[[TestResult name=testUploadImage status=SUCCESS method=NewPostAndDeleteTest.testUploadImage(java.lang.String,java.lang.String,java.io.File,java.lang.String)[pri:0, instance:NewPostAndDeleteTest@1ab3a8c8] output={null}]]]>
              </value>
            </param>
          </params>
          <reporter-output>
          </reporter-output>
        </test-method> <!-- setupAftermethods -->
        <test-method is-config="true" signature="setupMethods()[pri:0, instance:NewPostAndDeleteTest@1ab3a8c8]" started-at="2024-01-13T17:47:48 EET" name="setupMethods" finished-at="2024-01-13T17:47:50 EET" duration-ms="1691" status="PASS">
          <reporter-output>
          </reporter-output>
        </test-method> <!-- setupMethods -->
        <test-method signature="testUploadImage(java.lang.String,java.lang.String,java.io.File,java.lang.String)[pri:0, instance:NewPostAndDeleteTest@1ab3a8c8]" started-at="2024-01-13T17:47:50 EET" name="testUploadImage" data-provider="UserInformation" finished-at="2024-01-13T17:47:55 EET" duration-ms="5087" status="PASS">
          <params>
            <param index="0">
              <value>
                <![CDATA[Iliyana1]]>
              </value>
            </param>
            <param index="1">
              <value>
                <![CDATA[123456]]>
              </value>
            </param>
            <param index="2">
              <value>
                <![CDATA[src\main\resources\Upload\au9i1g9hn-1200x595.jpg]]>
              </value>
            </param>
            <param index="3">
              <value>
                <![CDATA[Test caption]]>
              </value>
            </param>
          </params>
          <reporter-output>
          </reporter-output>
        </test-method> <!-- testUploadImage -->
        <test-method is-config="true" signature="setupAftermethods(org.testng.ITestResult)[pri:0, instance:NewPostAndDeleteTest@1ab3a8c8]" started-at="2024-01-13T17:47:55 EET" name="setupAftermethods" finished-at="2024-01-13T17:47:55 EET" duration-ms="269" status="PASS">
          <params>
            <param index="0">
              <value>
                <![CDATA[[TestResult name=testUploadImage status=SUCCESS method=NewPostAndDeleteTest.testUploadImage(java.lang.String,java.lang.String,java.io.File,java.lang.String)[pri:0, instance:NewPostAndDeleteTest@1ab3a8c8] output={null}]]]>
              </value>
            </param>
          </params>
          <reporter-output>
          </reporter-output>
        </test-method> <!-- setupAftermethods -->
        <test-method is-config="true" signature="setupMethods()[pri:0, instance:NewPostAndDeleteTest@1ab3a8c8]" started-at="2024-01-13T17:47:55 EET" name="setupMethods" finished-at="2024-01-13T17:47:57 EET" duration-ms="1554" status="PASS">
          <reporter-output>
          </reporter-output>
        </test-method> <!-- setupMethods -->
        <test-method signature="testUploadImage(java.lang.String,java.lang.String,java.io.File,java.lang.String)[pri:0, instance:NewPostAndDeleteTest@1ab3a8c8]" started-at="2024-01-13T17:47:57 EET" name="testUploadImage" data-provider="UserInformation" finished-at="2024-01-13T17:48:02 EET" duration-ms="5078" status="PASS">
          <params>
            <param index="0">
              <value>
                <![CDATA[Iliyana1]]>
              </value>
            </param>
            <param index="1">
              <value>
                <![CDATA[123456]]>
              </value>
            </param>
            <param index="2">
              <value>
                <![CDATA[src\main\resources\Upload\au9i1g9hn-1200x595.jpg]]>
              </value>
            </param>
            <param index="3">
              <value>
                <![CDATA[Test caption]]>
              </value>
            </param>
          </params>
          <reporter-output>
          </reporter-output>
        </test-method> <!-- testUploadImage -->
        <test-method is-config="true" signature="setupAftermethods(org.testng.ITestResult)[pri:0, instance:NewPostAndDeleteTest@1ab3a8c8]" started-at="2024-01-13T17:48:02 EET" name="setupAftermethods" finished-at="2024-01-13T17:48:02 EET" duration-ms="252" status="PASS">
          <params>
            <param index="0">
              <value>
                <![CDATA[[TestResult name=testUploadImage status=SUCCESS method=NewPostAndDeleteTest.testUploadImage(java.lang.String,java.lang.String,java.io.File,java.lang.String)[pri:0, instance:NewPostAndDeleteTest@1ab3a8c8] output={null}]]]>
              </value>
            </param>
          </params>
          <reporter-output>
          </reporter-output>
        </test-method> <!-- setupAftermethods -->
        <test-method is-config="true" signature="setupMethods()[pri:0, instance:NewPostAndDeleteTest@1ab3a8c8]" started-at="2024-01-13T17:48:02 EET" name="setupMethods" finished-at="2024-01-13T17:48:04 EET" duration-ms="1565" status="PASS">
          <reporter-output>
          </reporter-output>
        </test-method> <!-- setupMethods -->
        <test-method signature="testUploadImage(java.lang.String,java.lang.String,java.io.File,java.lang.String)[pri:0, instance:NewPostAndDeleteTest@1ab3a8c8]" started-at="2024-01-13T17:48:04 EET" name="testUploadImage" data-provider="UserInformation" finished-at="2024-01-13T17:48:09 EET" duration-ms="5043" status="PASS">
          <params>
            <param index="0">
              <value>
                <![CDATA[Iliyana1]]>
              </value>
            </param>
            <param index="1">
              <value>
                <![CDATA[123456]]>
              </value>
            </param>
            <param index="2">
              <value>
                <![CDATA[src\main\resources\Upload\au9i1g9hn-1200x595.jpg]]>
              </value>
            </param>
            <param index="3">
              <value>
                <![CDATA[Test caption]]>
              </value>
            </param>
          </params>
          <reporter-output>
          </reporter-output>
        </test-method> <!-- testUploadImage -->
        <test-method is-config="true" signature="setupAftermethods(org.testng.ITestResult)[pri:0, instance:NewPostAndDeleteTest@1ab3a8c8]" started-at="2024-01-13T17:48:09 EET" name="setupAftermethods" finished-at="2024-01-13T17:48:09 EET" duration-ms="206" status="PASS">
          <params>
            <param index="0">
              <value>
                <![CDATA[[TestResult name=testUploadImage status=SUCCESS method=NewPostAndDeleteTest.testUploadImage(java.lang.String,java.lang.String,java.io.File,java.lang.String)[pri:0, instance:NewPostAndDeleteTest@1ab3a8c8] output={null}]]]>
              </value>
            </param>
          </params>
          <reporter-output>
          </reporter-output>
        </test-method> <!-- setupAftermethods -->
      </class> <!-- NewPostAndDeleteTest -->
    </test> <!-- NewFinalProject -->
  </suite> <!-- NewFinalProfect -->
</testng-results>
